[debug] [2021-03-15T06:44:08.706Z] ----------------------------------------------------------------------
[debug] [2021-03-15T06:44:08.709Z] Command:       C:\Program Files\nodejs\node.exe C:\Program Files\nodejs\node_modules\firebase-tools\lib\bin\firebase.js emulators:start --only functions
[debug] [2021-03-15T06:44:08.710Z] CLI Version:   9.6.1
[debug] [2021-03-15T06:44:08.710Z] Platform:      win32
[debug] [2021-03-15T06:44:08.710Z] Node Version:  v14.15.1
[debug] [2021-03-15T06:44:08.712Z] Time:          Mon Mar 15 2021 15:44:08 GMT+0900 (Japan Standard Time)
[debug] [2021-03-15T06:44:08.713Z] ----------------------------------------------------------------------
[debug] [2021-03-15T06:44:08.713Z] 
[debug] [2021-03-15T06:44:08.727Z] > command requires scopes: ["email","openid","https://www.googleapis.com/auth/cloudplatformprojects.readonly","https://www.googleapis.com/auth/firebase","https://www.googleapis.com/auth/cloud-platform"]
[debug] [2021-03-15T06:44:08.728Z] > authorizing via signed-in user
[info] i  emulators: Starting emulators: functions {"metadata":{"emulator":{"name":"hub"},"message":"Starting emulators: functions"}}
[debug] [2021-03-15T06:44:08.807Z] [hub] writing locator at C:\Users\jeffc\AppData\Local\Temp\hub-meals-to-go-jeffcad.json
[warn] !  functions: The following emulators are not running, calls to these services from the Functions emulator will affect production: auth, firestore, database, hosting, pubsub {"metadata":{"emulator":{"name":"functions"},"message":"The following emulators are not running, calls to these services from the Functions emulator will affect production: \u001b[1mauth, firestore, database, hosting, pubsub\u001b[22m"}}
[info] +  functions: Using node@14 from host. {"metadata":{"emulator":{"name":"functions"},"message":"Using node@14 from host."}}
[debug] [2021-03-15T06:44:08.849Z] defaultcredentials: writing to file C:\Users\jeffc\AppData\Roaming\firebase\jeffcadieux_gmail_com_application_default_credentials.json
[debug] [2021-03-15T06:44:08.858Z] Setting GAC to C:\Users\jeffc\AppData\Roaming\firebase\jeffcadieux_gmail_com_application_default_credentials.json {"metadata":{"emulator":{"name":"functions"},"message":"Setting GAC to C:\\Users\\jeffc\\AppData\\Roaming\\firebase\\jeffcadieux_gmail_com_application_default_credentials.json"}}
[debug] [2021-03-15T06:44:08.861Z] > refreshing access token with scopes: []
[debug] [2021-03-15T06:44:08.861Z] >>> HTTP REQUEST POST https://www.googleapis.com/oauth2/v3/token  
 <request body omitted>
[debug] [2021-03-15T06:44:09.071Z] <<< HTTP RESPONSE 200 {"pragma":"no-cache","expires":"Mon, 01 Jan 1990 00:00:00 GMT","cache-control":"no-cache, no-store, max-age=0, must-revalidate","date":"Mon, 15 Mar 2021 06:44:09 GMT","content-type":"application/json; charset=utf-8","vary":"X-Origin, Referer, Origin,Accept-Encoding","server":"scaffolding on HTTPServer2","x-xss-protection":"0","x-frame-options":"SAMEORIGIN","x-content-type-options":"nosniff","alt-svc":"h3-29=\":443\"; ma=2592000,h3-T051=\":443\"; ma=2592000,h3-Q050=\":443\"; ma=2592000,h3-Q046=\":443\"; ma=2592000,h3-Q043=\":443\"; ma=2592000,quic=\":443\"; ma=2592000; v=\"46,43\"","accept-ranges":"none","transfer-encoding":"chunked"}
[debug] [2021-03-15T06:44:09.085Z] >>> [apiv2][query] GET https://firebase.googleapis.com/v1beta1/projects/meals-to-go-jeffcad/adminSdkConfig [none]
[debug] [2021-03-15T06:44:09.784Z] <<< [apiv2][status] GET https://firebase.googleapis.com/v1beta1/projects/meals-to-go-jeffcad/adminSdkConfig 200
[debug] [2021-03-15T06:44:09.785Z] <<< [apiv2][body] GET https://firebase.googleapis.com/v1beta1/projects/meals-to-go-jeffcad/adminSdkConfig {"projectId":"meals-to-go-jeffcad","storageBucket":"meals-to-go-jeffcad.appspot.com"}
[debug] [2021-03-15T06:44:09.810Z] Ignoring unsupported arg: auto_download {"metadata":{"emulator":{"name":"ui"},"message":"Ignoring unsupported arg: auto_download"}}
[debug] [2021-03-15T06:44:09.810Z] Ignoring unsupported arg: port {"metadata":{"emulator":{"name":"ui"},"message":"Ignoring unsupported arg: port"}}
[debug] [2021-03-15T06:44:09.811Z] Starting Emulator UI with command {"binary":"node","args":["C:\\Users\\jeffc\\.cache\\firebase\\emulators\\ui-v1.4.2\\server.bundle.js"],"optionalArgs":[],"joinArgs":false} {"metadata":{"emulator":{"name":"ui"},"message":"Starting Emulator UI with command {\"binary\":\"node\",\"args\":[\"C:\\\\Users\\\\jeffc\\\\.cache\\\\firebase\\\\emulators\\\\ui-v1.4.2\\\\server.bundle.js\"],\"optionalArgs\":[],\"joinArgs\":false}"}}
[info] i  ui: Emulator UI logging to ui-debug.log {"metadata":{"emulator":{"name":"ui"},"message":"Emulator UI logging to \u001b[1mui-debug.log\u001b[22m"}}
[debug] [2021-03-15T06:44:10.039Z] Web / API server started at http://localhost:4000
 {"metadata":{"emulator":{"name":"ui"},"message":"Web / API server started at http://localhost:4000\n"}}
[info] i  functions: Watching "C:\Users\jeffc\Desktop\Udemy\ReactNative-ZTM\MealsToGo\functions" for Cloud Functions... {"metadata":{"emulator":{"name":"functions"},"message":"Watching \"C:\\Users\\jeffc\\Desktop\\Udemy\\ReactNative-ZTM\\MealsToGo\\functions\" for Cloud Functions..."}}
[debug] [2021-03-15T06:44:10.208Z] [worker-pool] addWorker(~diagnostic~) {"metadata":{"emulator":{"name":"functions"},"message":"[worker-pool] addWorker(~diagnostic~)"}}
[debug] [2021-03-15T06:44:10.209Z] [worker-pool] Adding worker with key ~diagnostic~, total=1 {"metadata":{"emulator":{"name":"functions"},"message":"[worker-pool] Adding worker with key ~diagnostic~, total=1"}}
[debug] [2021-03-15T06:44:10.209Z] [worker-pool] submitWork(triggerId=) {"metadata":{"emulator":{"name":"functions"},"message":"[worker-pool] submitWork(triggerId=)"}}
[debug] [2021-03-15T06:44:10.210Z] [worker-~diagnostic~-675a731d-dc63-4d7c-aec2-1806ce73b544]: Assigning socketPath: \\?\pipe\C:\Users\jeffc\Desktop\Udemy\ReactNative-ZTM\MealsToGo\functions\13232 {"metadata":{"emulator":{"name":"functions"},"message":"[worker-~diagnostic~-675a731d-dc63-4d7c-aec2-1806ce73b544]: Assigning socketPath: \\\\?\\pipe\\C:\\Users\\jeffc\\Desktop\\Udemy\\ReactNative-ZTM\\MealsToGo\\functions\\13232"}}
[debug] [2021-03-15T06:44:10.211Z] [worker-~diagnostic~-675a731d-dc63-4d7c-aec2-1806ce73b544]: BUSY {"metadata":{"emulator":{"name":"functions"},"message":"[worker-~diagnostic~-675a731d-dc63-4d7c-aec2-1806ce73b544]: BUSY"}}
